[0.010s] Invoking command in '/home/anton/Desktop/tactile-odom-drone/onboard/build/estimators': CMAKE_PREFIX_PATH=${CMAKE_PREFIX_PATH}:/opt/ros/humble /usr/bin/cmake --build /home/anton/Desktop/tactile-odom-drone/onboard/build/estimators -- -j8 -l8
[0.038s] [35m[1mConsolidate compiler generated dependencies of target force_estimator[0m
[0.051s] [100%] Built target force_estimator
[0.057s] Invoked command in '/home/anton/Desktop/tactile-odom-drone/onboard/build/estimators' returned '0': CMAKE_PREFIX_PATH=${CMAKE_PREFIX_PATH}:/opt/ros/humble /usr/bin/cmake --build /home/anton/Desktop/tactile-odom-drone/onboard/build/estimators -- -j8 -l8
[0.077s] Invoking command in '/home/anton/Desktop/tactile-odom-drone/onboard/build/estimators': CMAKE_PREFIX_PATH=${CMAKE_PREFIX_PATH}:/opt/ros/humble /usr/bin/cmake --install /home/anton/Desktop/tactile-odom-drone/onboard/build/estimators
[0.081s] -- Install configuration: ""
[0.081s] -- Up-to-date: /home/anton/Desktop/tactile-odom-drone/onboard/install/estimators/lib/estimators/force_estimator
[0.081s] -- Up-to-date: /home/anton/Desktop/tactile-odom-drone/onboard/install/estimators/share/ament_index/resource_index/package_run_dependencies/estimators
[0.081s] -- Up-to-date: /home/anton/Desktop/tactile-odom-drone/onboard/install/estimators/share/ament_index/resource_index/parent_prefix_path/estimators
[0.081s] -- Up-to-date: /home/anton/Desktop/tactile-odom-drone/onboard/install/estimators/share/estimators/environment/ament_prefix_path.sh
[0.081s] -- Up-to-date: /home/anton/Desktop/tactile-odom-drone/onboard/install/estimators/share/estimators/environment/ament_prefix_path.dsv
[0.081s] -- Up-to-date: /home/anton/Desktop/tactile-odom-drone/onboard/install/estimators/share/estimators/environment/path.sh
[0.081s] -- Up-to-date: /home/anton/Desktop/tactile-odom-drone/onboard/install/estimators/share/estimators/environment/path.dsv
[0.082s] -- Up-to-date: /home/anton/Desktop/tactile-odom-drone/onboard/install/estimators/share/estimators/local_setup.bash
[0.082s] -- Up-to-date: /home/anton/Desktop/tactile-odom-drone/onboard/install/estimators/share/estimators/local_setup.sh
[0.082s] -- Up-to-date: /home/anton/Desktop/tactile-odom-drone/onboard/install/estimators/share/estimators/local_setup.zsh
[0.082s] -- Up-to-date: /home/anton/Desktop/tactile-odom-drone/onboard/install/estimators/share/estimators/local_setup.dsv
[0.082s] -- Installing: /home/anton/Desktop/tactile-odom-drone/onboard/install/estimators/share/estimators/package.dsv
[0.082s] -- Up-to-date: /home/anton/Desktop/tactile-odom-drone/onboard/install/estimators/share/ament_index/resource_index/packages/estimators
[0.082s] -- Up-to-date: /home/anton/Desktop/tactile-odom-drone/onboard/install/estimators/share/estimators/cmake/estimatorsConfig.cmake
[0.082s] -- Up-to-date: /home/anton/Desktop/tactile-odom-drone/onboard/install/estimators/share/estimators/cmake/estimatorsConfig-version.cmake
[0.082s] -- Up-to-date: /home/anton/Desktop/tactile-odom-drone/onboard/install/estimators/share/estimators/package.xml
[0.083s] Invoked command in '/home/anton/Desktop/tactile-odom-drone/onboard/build/estimators' returned '0': CMAKE_PREFIX_PATH=${CMAKE_PREFIX_PATH}:/opt/ros/humble /usr/bin/cmake --install /home/anton/Desktop/tactile-odom-drone/onboard/build/estimators
