[0.011s] Invoking command in '/home/anton/Desktop/tactile-odom-drone/offboard/build/rviz_vis': CMAKE_PREFIX_PATH=${CMAKE_PREFIX_PATH}:/opt/ros/humble /usr/bin/cmake --build /home/anton/Desktop/tactile-odom-drone/offboard/build/rviz_vis -- -j8 -l8
[0.034s] Invoked command in '/home/anton/Desktop/tactile-odom-drone/offboard/build/rviz_vis' returned '0': CMAKE_PREFIX_PATH=${CMAKE_PREFIX_PATH}:/opt/ros/humble /usr/bin/cmake --build /home/anton/Desktop/tactile-odom-drone/offboard/build/rviz_vis -- -j8 -l8
[0.052s] Invoking command in '/home/anton/Desktop/tactile-odom-drone/offboard/build/rviz_vis': CMAKE_PREFIX_PATH=${CMAKE_PREFIX_PATH}:/opt/ros/humble /usr/bin/cmake --install /home/anton/Desktop/tactile-odom-drone/offboard/build/rviz_vis
[0.056s] -- Install configuration: ""
[0.056s] -- Up-to-date: /home/anton/Desktop/tactile-odom-drone/offboard/install/rviz_vis/share/rviz_vis/config
[0.056s] -- Up-to-date: /home/anton/Desktop/tactile-odom-drone/offboard/install/rviz_vis/share/rviz_vis/launch
[0.056s] -- Up-to-date: /home/anton/Desktop/tactile-odom-drone/offboard/install/rviz_vis/share/rviz_vis/launch/vis_joint_publisher.launch.py
[0.056s] -- Up-to-date: /home/anton/Desktop/tactile-odom-drone/offboard/install/rviz_vis/share/rviz_vis/maps
[0.057s] -- Up-to-date: /home/anton/Desktop/tactile-odom-drone/offboard/install/rviz_vis/share/rviz_vis/meshes
[0.057s] -- Up-to-date: /home/anton/Desktop/tactile-odom-drone/offboard/install/rviz_vis/share/rviz_vis/meshes/Link1.dae
[0.057s] -- Up-to-date: /home/anton/Desktop/tactile-odom-drone/offboard/install/rviz_vis/share/rviz_vis/meshes/Link2.dae
[0.057s] -- Up-to-date: /home/anton/Desktop/tactile-odom-drone/offboard/install/rviz_vis/share/rviz_vis/meshes/TactileMappingDroneBase.dae
[0.057s] -- Up-to-date: /home/anton/Desktop/tactile-odom-drone/offboard/install/rviz_vis/share/rviz_vis/models
[0.057s] -- Up-to-date: /home/anton/Desktop/tactile-odom-drone/offboard/install/rviz_vis/share/rviz_vis/params
[0.057s] -- Up-to-date: /home/anton/Desktop/tactile-odom-drone/offboard/install/rviz_vis/share/rviz_vis/rviz
[0.057s] -- Up-to-date: /home/anton/Desktop/tactile-odom-drone/offboard/install/rviz_vis/share/rviz_vis/rviz/rviz_basic_settings.rviz
[0.057s] -- Up-to-date: /home/anton/Desktop/tactile-odom-drone/offboard/install/rviz_vis/share/rviz_vis/src
[0.057s] -- Up-to-date: /home/anton/Desktop/tactile-odom-drone/offboard/install/rviz_vis/share/rviz_vis/urdf
[0.057s] -- Installing: /home/anton/Desktop/tactile-odom-drone/offboard/install/rviz_vis/share/rviz_vis/urdf/tactile-odom-drone.urdf
[0.057s] -- Up-to-date: /home/anton/Desktop/tactile-odom-drone/offboard/install/rviz_vis/share/rviz_vis/worlds
[0.057s] -- Up-to-date: /home/anton/Desktop/tactile-odom-drone/offboard/install/rviz_vis/share/ament_index/resource_index/package_run_dependencies/rviz_vis
[0.057s] -- Up-to-date: /home/anton/Desktop/tactile-odom-drone/offboard/install/rviz_vis/share/ament_index/resource_index/parent_prefix_path/rviz_vis
[0.057s] -- Up-to-date: /home/anton/Desktop/tactile-odom-drone/offboard/install/rviz_vis/share/rviz_vis/environment/ament_prefix_path.sh
[0.057s] -- Up-to-date: /home/anton/Desktop/tactile-odom-drone/offboard/install/rviz_vis/share/rviz_vis/environment/ament_prefix_path.dsv
[0.057s] -- Up-to-date: /home/anton/Desktop/tactile-odom-drone/offboard/install/rviz_vis/share/rviz_vis/environment/path.sh
[0.057s] -- Up-to-date: /home/anton/Desktop/tactile-odom-drone/offboard/install/rviz_vis/share/rviz_vis/environment/path.dsv
[0.058s] -- Up-to-date: /home/anton/Desktop/tactile-odom-drone/offboard/install/rviz_vis/share/rviz_vis/local_setup.bash
[0.058s] -- Up-to-date: /home/anton/Desktop/tactile-odom-drone/offboard/install/rviz_vis/share/rviz_vis/local_setup.sh
[0.058s] -- Up-to-date: /home/anton/Desktop/tactile-odom-drone/offboard/install/rviz_vis/share/rviz_vis/local_setup.zsh
[0.058s] -- Up-to-date: /home/anton/Desktop/tactile-odom-drone/offboard/install/rviz_vis/share/rviz_vis/local_setup.dsv
[0.058s] -- Installing: /home/anton/Desktop/tactile-odom-drone/offboard/install/rviz_vis/share/rviz_vis/package.dsv
[0.058s] -- Up-to-date: /home/anton/Desktop/tactile-odom-drone/offboard/install/rviz_vis/share/ament_index/resource_index/packages/rviz_vis
[0.058s] -- Up-to-date: /home/anton/Desktop/tactile-odom-drone/offboard/install/rviz_vis/share/rviz_vis/cmake/rviz_visConfig.cmake
[0.059s] -- Up-to-date: /home/anton/Desktop/tactile-odom-drone/offboard/install/rviz_vis/share/rviz_vis/cmake/rviz_visConfig-version.cmake
[0.059s] -- Up-to-date: /home/anton/Desktop/tactile-odom-drone/offboard/install/rviz_vis/share/rviz_vis/package.xml
[0.059s] Invoked command in '/home/anton/Desktop/tactile-odom-drone/offboard/build/rviz_vis' returned '0': CMAKE_PREFIX_PATH=${CMAKE_PREFIX_PATH}:/opt/ros/humble /usr/bin/cmake --install /home/anton/Desktop/tactile-odom-drone/offboard/build/rviz_vis
