[0.252s] DEBUG:colcon:Command line arguments: ['/usr/bin/colcon', 'build']
[0.252s] DEBUG:colcon:Parsed command line arguments: Namespace(log_base=None, log_level=None, verb_name='build', build_base='build', install_base='install', merge_install=False, symlink_install=False, test_result_base=None, continue_on_error=False, executor='parallel', parallel_workers=8, event_handlers=None, ignore_user_meta=False, metas=['./colcon.meta'], base_paths=['.'], packages_ignore=None, packages_ignore_regex=None, paths=None, packages_up_to=None, packages_up_to_regex=None, packages_above=None, packages_above_and_dependencies=None, packages_above_depth=None, packages_select_by_dep=None, packages_skip_by_dep=None, packages_skip_up_to=None, packages_select_build_failed=False, packages_skip_build_finished=False, packages_select_test_failures=False, packages_skip_test_passed=False, packages_select=None, packages_skip=None, packages_select_regex=None, packages_skip_regex=None, packages_start=None, packages_end=None, allow_overriding=[], cmake_args=None, cmake_target=None, cmake_target_skip_unavailable=False, cmake_clean_cache=False, cmake_clean_first=False, cmake_force_configure=False, ament_cmake_args=None, catkin_cmake_args=None, catkin_skip_building_tests=False, verb_parser=<colcon_defaults.argument_parser.defaults.DefaultArgumentsDecorator object at 0x7f39ea7a73d0>, verb_extension=<colcon_core.verb.build.BuildVerb object at 0x7f39eb104a60>, main=<bound method BuildVerb.main of <colcon_core.verb.build.BuildVerb object at 0x7f39eb104a60>>)
[0.286s] Level 1:colcon.colcon_core.package_discovery:discover_packages(colcon_meta) check parameters
[0.286s] Level 1:colcon.colcon_core.package_discovery:discover_packages(recursive) check parameters
[0.286s] Level 1:colcon.colcon_core.package_discovery:discover_packages(ignore) check parameters
[0.286s] Level 1:colcon.colcon_core.package_discovery:discover_packages(path) check parameters
[0.286s] Level 1:colcon.colcon_core.package_discovery:discover_packages(colcon_meta) discover
[0.286s] Level 1:colcon.colcon_core.package_discovery:discover_packages(recursive) discover
[0.286s] INFO:colcon.colcon_core.package_discovery:Crawling recursively for packages in '/home/anton/Desktop/tactile-odom-drone/offboard'
[0.286s] Level 1:colcon.colcon_core.package_identification:_identify(.) by extensions ['ignore', 'ignore_ament_install']
[0.286s] Level 1:colcon.colcon_core.package_identification:_identify(.) by extension 'ignore'
[0.286s] Level 1:colcon.colcon_core.package_identification:_identify(.) by extension 'ignore_ament_install'
[0.286s] Level 1:colcon.colcon_core.package_identification:_identify(.) by extensions ['colcon_pkg']
[0.286s] Level 1:colcon.colcon_core.package_identification:_identify(.) by extension 'colcon_pkg'
[0.286s] Level 1:colcon.colcon_core.package_identification:_identify(.) by extensions ['colcon_meta']
[0.286s] Level 1:colcon.colcon_core.package_identification:_identify(.) by extension 'colcon_meta'
[0.286s] Level 1:colcon.colcon_core.package_identification:_identify(.) by extensions ['ros']
[0.286s] Level 1:colcon.colcon_core.package_identification:_identify(.) by extension 'ros'
[0.296s] Level 1:colcon.colcon_core.package_identification:_identify(.) by extensions ['cmake', 'python']
[0.296s] Level 1:colcon.colcon_core.package_identification:_identify(.) by extension 'cmake'
[0.296s] Level 1:colcon.colcon_core.package_identification:_identify(.) by extension 'python'
[0.296s] Level 1:colcon.colcon_core.package_identification:_identify(.) by extensions ['python_setup_py']
[0.296s] Level 1:colcon.colcon_core.package_identification:_identify(.) by extension 'python_setup_py'
[0.296s] Level 1:colcon.colcon_core.package_identification:_identify(build) by extensions ['ignore', 'ignore_ament_install']
[0.296s] Level 1:colcon.colcon_core.package_identification:_identify(build) by extension 'ignore'
[0.296s] Level 1:colcon.colcon_core.package_identification:_identify(build) ignored
[0.296s] Level 1:colcon.colcon_core.package_identification:_identify(install) by extensions ['ignore', 'ignore_ament_install']
[0.296s] Level 1:colcon.colcon_core.package_identification:_identify(install) by extension 'ignore'
[0.296s] Level 1:colcon.colcon_core.package_identification:_identify(install) ignored
[0.296s] Level 1:colcon.colcon_core.package_identification:_identify(log) by extensions ['ignore', 'ignore_ament_install']
[0.296s] Level 1:colcon.colcon_core.package_identification:_identify(log) by extension 'ignore'
[0.296s] Level 1:colcon.colcon_core.package_identification:_identify(log) ignored
[0.296s] Level 1:colcon.colcon_core.package_identification:_identify(src) by extensions ['ignore', 'ignore_ament_install']
[0.296s] Level 1:colcon.colcon_core.package_identification:_identify(src) by extension 'ignore'
[0.296s] Level 1:colcon.colcon_core.package_identification:_identify(src) by extension 'ignore_ament_install'
[0.296s] Level 1:colcon.colcon_core.package_identification:_identify(src) by extensions ['colcon_pkg']
[0.296s] Level 1:colcon.colcon_core.package_identification:_identify(src) by extension 'colcon_pkg'
[0.297s] Level 1:colcon.colcon_core.package_identification:_identify(src) by extensions ['colcon_meta']
[0.297s] Level 1:colcon.colcon_core.package_identification:_identify(src) by extension 'colcon_meta'
[0.297s] Level 1:colcon.colcon_core.package_identification:_identify(src) by extensions ['ros']
[0.297s] Level 1:colcon.colcon_core.package_identification:_identify(src) by extension 'ros'
[0.297s] Level 1:colcon.colcon_core.package_identification:_identify(src) by extensions ['cmake', 'python']
[0.297s] Level 1:colcon.colcon_core.package_identification:_identify(src) by extension 'cmake'
[0.297s] Level 1:colcon.colcon_core.package_identification:_identify(src) by extension 'python'
[0.297s] Level 1:colcon.colcon_core.package_identification:_identify(src) by extensions ['python_setup_py']
[0.297s] Level 1:colcon.colcon_core.package_identification:_identify(src) by extension 'python_setup_py'
[0.297s] Level 1:colcon.colcon_core.package_identification:_identify(src/rviz_vis) by extensions ['ignore', 'ignore_ament_install']
[0.297s] Level 1:colcon.colcon_core.package_identification:_identify(src/rviz_vis) by extension 'ignore'
[0.297s] Level 1:colcon.colcon_core.package_identification:_identify(src/rviz_vis) by extension 'ignore_ament_install'
[0.297s] Level 1:colcon.colcon_core.package_identification:_identify(src/rviz_vis) by extensions ['colcon_pkg']
[0.297s] Level 1:colcon.colcon_core.package_identification:_identify(src/rviz_vis) by extension 'colcon_pkg'
[0.297s] Level 1:colcon.colcon_core.package_identification:_identify(src/rviz_vis) by extensions ['colcon_meta']
[0.297s] Level 1:colcon.colcon_core.package_identification:_identify(src/rviz_vis) by extension 'colcon_meta'
[0.297s] Level 1:colcon.colcon_core.package_identification:_identify(src/rviz_vis) by extensions ['ros']
[0.297s] Level 1:colcon.colcon_core.package_identification:_identify(src/rviz_vis) by extension 'ros'
[0.298s] DEBUG:colcon.colcon_core.package_identification:Package 'src/rviz_vis' with type 'ros.ament_cmake' and name 'rviz_vis'
[0.298s] Level 1:colcon.colcon_core.package_discovery:discover_packages(recursive) using defaults
[0.299s] Level 1:colcon.colcon_core.package_discovery:discover_packages(ignore) discover
[0.299s] Level 1:colcon.colcon_core.package_discovery:discover_packages(ignore) using defaults
[0.299s] Level 1:colcon.colcon_core.package_discovery:discover_packages(path) discover
[0.299s] Level 1:colcon.colcon_core.package_discovery:discover_packages(path) using defaults
[0.313s] Level 1:colcon.colcon_core.package_discovery:discover_packages(prefix_path) check parameters
[0.313s] Level 1:colcon.colcon_core.package_discovery:discover_packages(prefix_path) discover
[0.315s] DEBUG:colcon.colcon_installed_package_information.package_discovery:Found 1 installed packages in /home/anton/Desktop/tactile-odom-drone/offboard/install
[0.316s] DEBUG:colcon.colcon_installed_package_information.package_discovery:Found 321 installed packages in /opt/ros/humble
[0.318s] Level 1:colcon.colcon_core.package_discovery:discover_packages(prefix_path) using defaults
[0.354s] Level 5:colcon.colcon_core.verb:set package 'rviz_vis' build argument 'cmake_args' from command line to 'None'
[0.354s] Level 5:colcon.colcon_core.verb:set package 'rviz_vis' build argument 'cmake_target' from command line to 'None'
[0.354s] Level 5:colcon.colcon_core.verb:set package 'rviz_vis' build argument 'cmake_target_skip_unavailable' from command line to 'False'
[0.354s] Level 5:colcon.colcon_core.verb:set package 'rviz_vis' build argument 'cmake_clean_cache' from command line to 'False'
[0.354s] Level 5:colcon.colcon_core.verb:set package 'rviz_vis' build argument 'cmake_clean_first' from command line to 'False'
[0.354s] Level 5:colcon.colcon_core.verb:set package 'rviz_vis' build argument 'cmake_force_configure' from command line to 'False'
[0.354s] Level 5:colcon.colcon_core.verb:set package 'rviz_vis' build argument 'ament_cmake_args' from command line to 'None'
[0.354s] Level 5:colcon.colcon_core.verb:set package 'rviz_vis' build argument 'catkin_cmake_args' from command line to 'None'
[0.354s] Level 5:colcon.colcon_core.verb:set package 'rviz_vis' build argument 'catkin_skip_building_tests' from command line to 'False'
[0.354s] DEBUG:colcon.colcon_core.verb:Building package 'rviz_vis' with the following arguments: {'ament_cmake_args': None, 'build_base': '/home/anton/Desktop/tactile-odom-drone/offboard/build/rviz_vis', 'catkin_cmake_args': None, 'catkin_skip_building_tests': False, 'cmake_args': None, 'cmake_clean_cache': False, 'cmake_clean_first': False, 'cmake_force_configure': False, 'cmake_target': None, 'cmake_target_skip_unavailable': False, 'install_base': '/home/anton/Desktop/tactile-odom-drone/offboard/install/rviz_vis', 'merge_install': False, 'path': '/home/anton/Desktop/tactile-odom-drone/offboard/src/rviz_vis', 'symlink_install': False, 'test_result_base': None}
[0.355s] INFO:colcon.colcon_core.executor:Executing jobs using 'parallel' executor
[0.357s] DEBUG:colcon.colcon_parallel_executor.executor.parallel:run_until_complete
[0.357s] INFO:colcon.colcon_ros.task.ament_cmake.build:Building ROS package in '/home/anton/Desktop/tactile-odom-drone/offboard/src/rviz_vis' with build type 'ament_cmake'
[0.357s] INFO:colcon.colcon_cmake.task.cmake.build:Building CMake package in '/home/anton/Desktop/tactile-odom-drone/offboard/src/rviz_vis'
[0.360s] INFO:colcon.colcon_core.plugin_system:Skipping extension 'colcon_core.shell.bat': Not used on non-Windows systems
[0.360s] INFO:colcon.colcon_core.shell:Skip shell extension 'powershell' for command environment: Not usable outside of PowerShell
[0.360s] DEBUG:colcon.colcon_core.shell:Skip shell extension 'dsv' for command environment
[0.368s] DEBUG:colcon.colcon_core.event_handler.log_command:Invoking command in '/home/anton/Desktop/tactile-odom-drone/offboard/build/rviz_vis': CMAKE_PREFIX_PATH=${CMAKE_PREFIX_PATH}:/opt/ros/humble /usr/bin/cmake --build /home/anton/Desktop/tactile-odom-drone/offboard/build/rviz_vis -- -j8 -l8
[0.391s] DEBUG:colcon.colcon_core.event_handler.log_command:Invoked command in '/home/anton/Desktop/tactile-odom-drone/offboard/build/rviz_vis' returned '0': CMAKE_PREFIX_PATH=${CMAKE_PREFIX_PATH}:/opt/ros/humble /usr/bin/cmake --build /home/anton/Desktop/tactile-odom-drone/offboard/build/rviz_vis -- -j8 -l8
[0.410s] DEBUG:colcon.colcon_core.event_handler.log_command:Invoking command in '/home/anton/Desktop/tactile-odom-drone/offboard/build/rviz_vis': CMAKE_PREFIX_PATH=${CMAKE_PREFIX_PATH}:/opt/ros/humble /usr/bin/cmake --install /home/anton/Desktop/tactile-odom-drone/offboard/build/rviz_vis
[0.416s] Level 1:colcon.colcon_core.environment:create_environment_scripts_only(rviz_vis)
[0.419s] DEBUG:colcon.colcon_core.event_handler.log_command:Invoked command in '/home/anton/Desktop/tactile-odom-drone/offboard/build/rviz_vis' returned '0': CMAKE_PREFIX_PATH=${CMAKE_PREFIX_PATH}:/opt/ros/humble /usr/bin/cmake --install /home/anton/Desktop/tactile-odom-drone/offboard/build/rviz_vis
[0.420s] Level 1:colcon.colcon_core.environment:checking '/home/anton/Desktop/tactile-odom-drone/offboard/install/rviz_vis' for CMake module files
[0.420s] Level 1:colcon.colcon_core.environment:checking '/home/anton/Desktop/tactile-odom-drone/offboard/install/rviz_vis' for CMake config files
[0.420s] Level 1:colcon.colcon_core.shell:create_environment_hook('rviz_vis', 'cmake_prefix_path')
[0.421s] INFO:colcon.colcon_core.shell:Creating environment hook '/home/anton/Desktop/tactile-odom-drone/offboard/install/rviz_vis/share/rviz_vis/hook/cmake_prefix_path.ps1'
[0.422s] INFO:colcon.colcon_core.shell:Creating environment descriptor '/home/anton/Desktop/tactile-odom-drone/offboard/install/rviz_vis/share/rviz_vis/hook/cmake_prefix_path.dsv'
[0.422s] INFO:colcon.colcon_core.shell:Creating environment hook '/home/anton/Desktop/tactile-odom-drone/offboard/install/rviz_vis/share/rviz_vis/hook/cmake_prefix_path.sh'
[0.423s] Level 1:colcon.colcon_core.environment:checking '/home/anton/Desktop/tactile-odom-drone/offboard/install/rviz_vis/bin'
[0.423s] Level 1:colcon.colcon_core.environment:checking '/home/anton/Desktop/tactile-odom-drone/offboard/install/rviz_vis/lib/pkgconfig/rviz_vis.pc'
[0.423s] Level 1:colcon.colcon_core.environment:checking '/home/anton/Desktop/tactile-odom-drone/offboard/install/rviz_vis/lib/python3.10/site-packages'
[0.423s] Level 1:colcon.colcon_core.environment:checking '/home/anton/Desktop/tactile-odom-drone/offboard/install/rviz_vis/bin'
[0.424s] INFO:colcon.colcon_core.shell:Creating package script '/home/anton/Desktop/tactile-odom-drone/offboard/install/rviz_vis/share/rviz_vis/package.ps1'
[0.424s] INFO:colcon.colcon_core.shell:Creating package descriptor '/home/anton/Desktop/tactile-odom-drone/offboard/install/rviz_vis/share/rviz_vis/package.dsv'
[0.424s] INFO:colcon.colcon_core.shell:Creating package script '/home/anton/Desktop/tactile-odom-drone/offboard/install/rviz_vis/share/rviz_vis/package.sh'
[0.425s] INFO:colcon.colcon_core.shell:Creating package script '/home/anton/Desktop/tactile-odom-drone/offboard/install/rviz_vis/share/rviz_vis/package.bash'
[0.425s] INFO:colcon.colcon_core.shell:Creating package script '/home/anton/Desktop/tactile-odom-drone/offboard/install/rviz_vis/share/rviz_vis/package.zsh'
[0.426s] Level 1:colcon.colcon_core.environment:create_file_with_runtime_dependencies(/home/anton/Desktop/tactile-odom-drone/offboard/install/rviz_vis/share/colcon-core/packages/rviz_vis)
[0.438s] Level 1:colcon.colcon_core.environment:create_environment_scripts_only(rviz_vis)
[0.439s] Level 1:colcon.colcon_core.environment:checking '/home/anton/Desktop/tactile-odom-drone/offboard/install/rviz_vis' for CMake module files
[0.440s] Level 1:colcon.colcon_core.environment:checking '/home/anton/Desktop/tactile-odom-drone/offboard/install/rviz_vis' for CMake config files
[0.440s] Level 1:colcon.colcon_core.shell:create_environment_hook('rviz_vis', 'cmake_prefix_path')
[0.441s] INFO:colcon.colcon_core.shell:Creating environment hook '/home/anton/Desktop/tactile-odom-drone/offboard/install/rviz_vis/share/rviz_vis/hook/cmake_prefix_path.ps1'
[0.441s] INFO:colcon.colcon_core.shell:Creating environment descriptor '/home/anton/Desktop/tactile-odom-drone/offboard/install/rviz_vis/share/rviz_vis/hook/cmake_prefix_path.dsv'
[0.441s] INFO:colcon.colcon_core.shell:Creating environment hook '/home/anton/Desktop/tactile-odom-drone/offboard/install/rviz_vis/share/rviz_vis/hook/cmake_prefix_path.sh'
[0.441s] Level 1:colcon.colcon_core.environment:checking '/home/anton/Desktop/tactile-odom-drone/offboard/install/rviz_vis/bin'
[0.442s] Level 1:colcon.colcon_core.environment:checking '/home/anton/Desktop/tactile-odom-drone/offboard/install/rviz_vis/lib/pkgconfig/rviz_vis.pc'
[0.442s] Level 1:colcon.colcon_core.environment:checking '/home/anton/Desktop/tactile-odom-drone/offboard/install/rviz_vis/lib/python3.10/site-packages'
[0.442s] Level 1:colcon.colcon_core.environment:checking '/home/anton/Desktop/tactile-odom-drone/offboard/install/rviz_vis/bin'
[0.443s] INFO:colcon.colcon_core.shell:Creating package script '/home/anton/Desktop/tactile-odom-drone/offboard/install/rviz_vis/share/rviz_vis/package.ps1'
[0.443s] INFO:colcon.colcon_core.shell:Creating package descriptor '/home/anton/Desktop/tactile-odom-drone/offboard/install/rviz_vis/share/rviz_vis/package.dsv'
[0.443s] INFO:colcon.colcon_core.shell:Creating package script '/home/anton/Desktop/tactile-odom-drone/offboard/install/rviz_vis/share/rviz_vis/package.sh'
[0.443s] INFO:colcon.colcon_core.shell:Creating package script '/home/anton/Desktop/tactile-odom-drone/offboard/install/rviz_vis/share/rviz_vis/package.bash'
[0.444s] INFO:colcon.colcon_core.shell:Creating package script '/home/anton/Desktop/tactile-odom-drone/offboard/install/rviz_vis/share/rviz_vis/package.zsh'
[0.444s] Level 1:colcon.colcon_core.environment:create_file_with_runtime_dependencies(/home/anton/Desktop/tactile-odom-drone/offboard/install/rviz_vis/share/colcon-core/packages/rviz_vis)
[0.444s] DEBUG:colcon.colcon_parallel_executor.executor.parallel:closing loop
[0.444s] DEBUG:colcon.colcon_parallel_executor.executor.parallel:loop closed
[0.444s] DEBUG:colcon.colcon_parallel_executor.executor.parallel:run_until_complete finished with '0'
[0.444s] DEBUG:colcon.colcon_core.event_reactor:joining thread
[0.448s] INFO:colcon.colcon_core.plugin_system:Skipping extension 'colcon_notification.desktop_notification.terminal_notifier': Not used on non-Darwin systems
[0.448s] INFO:colcon.colcon_core.plugin_system:Skipping extension 'colcon_notification.desktop_notification.win32': Not used on non-Windows systems
[0.448s] INFO:colcon.colcon_notification.desktop_notification:Sending desktop notification using 'notify2'
[0.449s] DEBUG:colcon.colcon_core.event_reactor:joined thread
[0.450s] INFO:colcon.colcon_core.shell:Creating prefix script '/home/anton/Desktop/tactile-odom-drone/offboard/install/local_setup.ps1'
[0.450s] INFO:colcon.colcon_core.shell:Creating prefix util module '/home/anton/Desktop/tactile-odom-drone/offboard/install/_local_setup_util_ps1.py'
[0.452s] INFO:colcon.colcon_core.shell:Creating prefix chain script '/home/anton/Desktop/tactile-odom-drone/offboard/install/setup.ps1'
[0.453s] INFO:colcon.colcon_core.shell:Creating prefix script '/home/anton/Desktop/tactile-odom-drone/offboard/install/local_setup.sh'
[0.453s] INFO:colcon.colcon_core.shell:Creating prefix util module '/home/anton/Desktop/tactile-odom-drone/offboard/install/_local_setup_util_sh.py'
[0.453s] INFO:colcon.colcon_core.shell:Creating prefix chain script '/home/anton/Desktop/tactile-odom-drone/offboard/install/setup.sh'
[0.454s] INFO:colcon.colcon_core.shell:Creating prefix script '/home/anton/Desktop/tactile-odom-drone/offboard/install/local_setup.bash'
[0.454s] INFO:colcon.colcon_core.shell:Creating prefix chain script '/home/anton/Desktop/tactile-odom-drone/offboard/install/setup.bash'
[0.455s] INFO:colcon.colcon_core.shell:Creating prefix script '/home/anton/Desktop/tactile-odom-drone/offboard/install/local_setup.zsh'
[0.455s] INFO:colcon.colcon_core.shell:Creating prefix chain script '/home/anton/Desktop/tactile-odom-drone/offboard/install/setup.zsh'
