[0.321s] DEBUG:colcon:Command line arguments: ['/usr/bin/colcon', 'build']
[0.321s] DEBUG:colcon:Parsed command line arguments: Namespace(log_base=None, log_level=None, verb_name='build', build_base='build', install_base='install', merge_install=False, symlink_install=False, test_result_base=None, continue_on_error=False, executor='parallel', parallel_workers=8, event_handlers=None, ignore_user_meta=False, metas=['./colcon.meta'], base_paths=['.'], packages_ignore=None, packages_ignore_regex=None, paths=None, packages_up_to=None, packages_up_to_regex=None, packages_above=None, packages_above_and_dependencies=None, packages_above_depth=None, packages_select_by_dep=None, packages_skip_by_dep=None, packages_skip_up_to=None, packages_select_build_failed=False, packages_skip_build_finished=False, packages_select_test_failures=False, packages_skip_test_passed=False, packages_select=None, packages_skip=None, packages_select_regex=None, packages_skip_regex=None, packages_start=None, packages_end=None, allow_overriding=[], cmake_args=None, cmake_target=None, cmake_target_skip_unavailable=False, cmake_clean_cache=False, cmake_clean_first=False, cmake_force_configure=False, ament_cmake_args=None, catkin_cmake_args=None, catkin_skip_building_tests=False, verb_parser=<colcon_defaults.argument_parser.defaults.DefaultArgumentsDecorator object at 0x7f1df44a72e0>, verb_extension=<colcon_core.verb.build.BuildVerb object at 0x7f1df4e08a00>, main=<bound method BuildVerb.main of <colcon_core.verb.build.BuildVerb object at 0x7f1df4e08a00>>)
[0.356s] Level 1:colcon.colcon_core.package_discovery:discover_packages(colcon_meta) check parameters
[0.356s] Level 1:colcon.colcon_core.package_discovery:discover_packages(recursive) check parameters
[0.356s] Level 1:colcon.colcon_core.package_discovery:discover_packages(ignore) check parameters
[0.356s] Level 1:colcon.colcon_core.package_discovery:discover_packages(path) check parameters
[0.356s] Level 1:colcon.colcon_core.package_discovery:discover_packages(colcon_meta) discover
[0.356s] Level 1:colcon.colcon_core.package_discovery:discover_packages(recursive) discover
[0.356s] INFO:colcon.colcon_core.package_discovery:Crawling recursively for packages in '/home/anton/Desktop/tactile-odom-drone/onboard'
[0.356s] Level 1:colcon.colcon_core.package_identification:_identify(.) by extensions ['ignore', 'ignore_ament_install']
[0.356s] Level 1:colcon.colcon_core.package_identification:_identify(.) by extension 'ignore'
[0.356s] Level 1:colcon.colcon_core.package_identification:_identify(.) by extension 'ignore_ament_install'
[0.356s] Level 1:colcon.colcon_core.package_identification:_identify(.) by extensions ['colcon_pkg']
[0.356s] Level 1:colcon.colcon_core.package_identification:_identify(.) by extension 'colcon_pkg'
[0.356s] Level 1:colcon.colcon_core.package_identification:_identify(.) by extensions ['colcon_meta']
[0.356s] Level 1:colcon.colcon_core.package_identification:_identify(.) by extension 'colcon_meta'
[0.356s] Level 1:colcon.colcon_core.package_identification:_identify(.) by extensions ['ros']
[0.356s] Level 1:colcon.colcon_core.package_identification:_identify(.) by extension 'ros'
[0.366s] Level 1:colcon.colcon_core.package_identification:_identify(.) by extensions ['cmake', 'python']
[0.366s] Level 1:colcon.colcon_core.package_identification:_identify(.) by extension 'cmake'
[0.366s] Level 1:colcon.colcon_core.package_identification:_identify(.) by extension 'python'
[0.366s] Level 1:colcon.colcon_core.package_identification:_identify(.) by extensions ['python_setup_py']
[0.366s] Level 1:colcon.colcon_core.package_identification:_identify(.) by extension 'python_setup_py'
[0.366s] Level 1:colcon.colcon_core.package_identification:_identify(build) by extensions ['ignore', 'ignore_ament_install']
[0.366s] Level 1:colcon.colcon_core.package_identification:_identify(build) by extension 'ignore'
[0.366s] Level 1:colcon.colcon_core.package_identification:_identify(build) ignored
[0.366s] Level 1:colcon.colcon_core.package_identification:_identify(install) by extensions ['ignore', 'ignore_ament_install']
[0.366s] Level 1:colcon.colcon_core.package_identification:_identify(install) by extension 'ignore'
[0.366s] Level 1:colcon.colcon_core.package_identification:_identify(install) ignored
[0.366s] Level 1:colcon.colcon_core.package_identification:_identify(log) by extensions ['ignore', 'ignore_ament_install']
[0.366s] Level 1:colcon.colcon_core.package_identification:_identify(log) by extension 'ignore'
[0.366s] Level 1:colcon.colcon_core.package_identification:_identify(log) ignored
[0.366s] Level 1:colcon.colcon_core.package_identification:_identify(src) by extensions ['ignore', 'ignore_ament_install']
[0.366s] Level 1:colcon.colcon_core.package_identification:_identify(src) by extension 'ignore'
[0.366s] Level 1:colcon.colcon_core.package_identification:_identify(src) by extension 'ignore_ament_install'
[0.366s] Level 1:colcon.colcon_core.package_identification:_identify(src) by extensions ['colcon_pkg']
[0.367s] Level 1:colcon.colcon_core.package_identification:_identify(src) by extension 'colcon_pkg'
[0.367s] Level 1:colcon.colcon_core.package_identification:_identify(src) by extensions ['colcon_meta']
[0.367s] Level 1:colcon.colcon_core.package_identification:_identify(src) by extension 'colcon_meta'
[0.367s] Level 1:colcon.colcon_core.package_identification:_identify(src) by extensions ['ros']
[0.367s] Level 1:colcon.colcon_core.package_identification:_identify(src) by extension 'ros'
[0.367s] Level 1:colcon.colcon_core.package_identification:_identify(src) by extensions ['cmake', 'python']
[0.367s] Level 1:colcon.colcon_core.package_identification:_identify(src) by extension 'cmake'
[0.367s] Level 1:colcon.colcon_core.package_identification:_identify(src) by extension 'python'
[0.367s] Level 1:colcon.colcon_core.package_identification:_identify(src) by extensions ['python_setup_py']
[0.367s] Level 1:colcon.colcon_core.package_identification:_identify(src) by extension 'python_setup_py'
[0.367s] Level 1:colcon.colcon_core.package_identification:_identify(src/estimators) by extensions ['ignore', 'ignore_ament_install']
[0.367s] Level 1:colcon.colcon_core.package_identification:_identify(src/estimators) by extension 'ignore'
[0.367s] Level 1:colcon.colcon_core.package_identification:_identify(src/estimators) by extension 'ignore_ament_install'
[0.367s] Level 1:colcon.colcon_core.package_identification:_identify(src/estimators) by extensions ['colcon_pkg']
[0.367s] Level 1:colcon.colcon_core.package_identification:_identify(src/estimators) by extension 'colcon_pkg'
[0.367s] Level 1:colcon.colcon_core.package_identification:_identify(src/estimators) by extensions ['colcon_meta']
[0.367s] Level 1:colcon.colcon_core.package_identification:_identify(src/estimators) by extension 'colcon_meta'
[0.367s] Level 1:colcon.colcon_core.package_identification:_identify(src/estimators) by extensions ['ros']
[0.367s] Level 1:colcon.colcon_core.package_identification:_identify(src/estimators) by extension 'ros'
[0.369s] DEBUG:colcon.colcon_core.package_identification:Package 'src/estimators' with type 'ros.ament_cmake' and name 'estimators'
[0.369s] Level 1:colcon.colcon_core.package_discovery:discover_packages(recursive) using defaults
[0.369s] Level 1:colcon.colcon_core.package_discovery:discover_packages(ignore) discover
[0.369s] Level 1:colcon.colcon_core.package_discovery:discover_packages(ignore) using defaults
[0.369s] Level 1:colcon.colcon_core.package_discovery:discover_packages(path) discover
[0.369s] Level 1:colcon.colcon_core.package_discovery:discover_packages(path) using defaults
[0.384s] Level 1:colcon.colcon_core.package_discovery:discover_packages(prefix_path) check parameters
[0.384s] Level 1:colcon.colcon_core.package_discovery:discover_packages(prefix_path) discover
[0.386s] DEBUG:colcon.colcon_installed_package_information.package_discovery:Found 1 installed packages in /home/anton/Desktop/tactile-odom-drone/offboard/install
[0.387s] DEBUG:colcon.colcon_installed_package_information.package_discovery:Found 321 installed packages in /opt/ros/humble
[0.388s] Level 1:colcon.colcon_core.package_discovery:discover_packages(prefix_path) using defaults
[0.426s] Level 5:colcon.colcon_core.verb:set package 'estimators' build argument 'cmake_args' from command line to 'None'
[0.427s] Level 5:colcon.colcon_core.verb:set package 'estimators' build argument 'cmake_target' from command line to 'None'
[0.427s] Level 5:colcon.colcon_core.verb:set package 'estimators' build argument 'cmake_target_skip_unavailable' from command line to 'False'
[0.427s] Level 5:colcon.colcon_core.verb:set package 'estimators' build argument 'cmake_clean_cache' from command line to 'False'
[0.427s] Level 5:colcon.colcon_core.verb:set package 'estimators' build argument 'cmake_clean_first' from command line to 'False'
[0.427s] Level 5:colcon.colcon_core.verb:set package 'estimators' build argument 'cmake_force_configure' from command line to 'False'
[0.427s] Level 5:colcon.colcon_core.verb:set package 'estimators' build argument 'ament_cmake_args' from command line to 'None'
[0.427s] Level 5:colcon.colcon_core.verb:set package 'estimators' build argument 'catkin_cmake_args' from command line to 'None'
[0.427s] Level 5:colcon.colcon_core.verb:set package 'estimators' build argument 'catkin_skip_building_tests' from command line to 'False'
[0.427s] DEBUG:colcon.colcon_core.verb:Building package 'estimators' with the following arguments: {'ament_cmake_args': None, 'build_base': '/home/anton/Desktop/tactile-odom-drone/onboard/build/estimators', 'catkin_cmake_args': None, 'catkin_skip_building_tests': False, 'cmake_args': None, 'cmake_clean_cache': False, 'cmake_clean_first': False, 'cmake_force_configure': False, 'cmake_target': None, 'cmake_target_skip_unavailable': False, 'install_base': '/home/anton/Desktop/tactile-odom-drone/onboard/install/estimators', 'merge_install': False, 'path': '/home/anton/Desktop/tactile-odom-drone/onboard/src/estimators', 'symlink_install': False, 'test_result_base': None}
[0.427s] INFO:colcon.colcon_core.executor:Executing jobs using 'parallel' executor
[0.429s] DEBUG:colcon.colcon_parallel_executor.executor.parallel:run_until_complete
[0.429s] INFO:colcon.colcon_ros.task.ament_cmake.build:Building ROS package in '/home/anton/Desktop/tactile-odom-drone/onboard/src/estimators' with build type 'ament_cmake'
[0.430s] INFO:colcon.colcon_cmake.task.cmake.build:Building CMake package in '/home/anton/Desktop/tactile-odom-drone/onboard/src/estimators'
[0.433s] INFO:colcon.colcon_core.plugin_system:Skipping extension 'colcon_core.shell.bat': Not used on non-Windows systems
[0.434s] INFO:colcon.colcon_core.shell:Skip shell extension 'powershell' for command environment: Not usable outside of PowerShell
[0.434s] DEBUG:colcon.colcon_core.shell:Skip shell extension 'dsv' for command environment
[0.441s] DEBUG:colcon.colcon_core.event_handler.log_command:Invoking command in '/home/anton/Desktop/tactile-odom-drone/onboard/build/estimators': CMAKE_PREFIX_PATH=${CMAKE_PREFIX_PATH}:/opt/ros/humble /usr/bin/cmake --build /home/anton/Desktop/tactile-odom-drone/onboard/build/estimators -- -j8 -l8
[6.602s] DEBUG:colcon.colcon_core.event_handler.log_command:Invoked command in '/home/anton/Desktop/tactile-odom-drone/onboard/build/estimators' returned '0': CMAKE_PREFIX_PATH=${CMAKE_PREFIX_PATH}:/opt/ros/humble /usr/bin/cmake --build /home/anton/Desktop/tactile-odom-drone/onboard/build/estimators -- -j8 -l8
[6.621s] DEBUG:colcon.colcon_core.event_handler.log_command:Invoking command in '/home/anton/Desktop/tactile-odom-drone/onboard/build/estimators': CMAKE_PREFIX_PATH=${CMAKE_PREFIX_PATH}:/opt/ros/humble /usr/bin/cmake --install /home/anton/Desktop/tactile-odom-drone/onboard/build/estimators
[6.630s] Level 1:colcon.colcon_core.environment:create_environment_scripts_only(estimators)
[6.630s] DEBUG:colcon.colcon_core.event_handler.log_command:Invoked command in '/home/anton/Desktop/tactile-odom-drone/onboard/build/estimators' returned '0': CMAKE_PREFIX_PATH=${CMAKE_PREFIX_PATH}:/opt/ros/humble /usr/bin/cmake --install /home/anton/Desktop/tactile-odom-drone/onboard/build/estimators
[6.633s] Level 1:colcon.colcon_core.environment:checking '/home/anton/Desktop/tactile-odom-drone/onboard/install/estimators' for CMake module files
[6.633s] Level 1:colcon.colcon_core.environment:checking '/home/anton/Desktop/tactile-odom-drone/onboard/install/estimators' for CMake config files
[6.633s] Level 1:colcon.colcon_core.shell:create_environment_hook('estimators', 'cmake_prefix_path')
[6.634s] INFO:colcon.colcon_core.shell:Creating environment hook '/home/anton/Desktop/tactile-odom-drone/onboard/install/estimators/share/estimators/hook/cmake_prefix_path.ps1'
[6.635s] INFO:colcon.colcon_core.shell:Creating environment descriptor '/home/anton/Desktop/tactile-odom-drone/onboard/install/estimators/share/estimators/hook/cmake_prefix_path.dsv'
[6.635s] INFO:colcon.colcon_core.shell:Creating environment hook '/home/anton/Desktop/tactile-odom-drone/onboard/install/estimators/share/estimators/hook/cmake_prefix_path.sh'
[6.636s] Level 1:colcon.colcon_core.environment:checking '/home/anton/Desktop/tactile-odom-drone/onboard/install/estimators/lib'
[6.636s] Level 1:colcon.colcon_core.environment:checking '/home/anton/Desktop/tactile-odom-drone/onboard/install/estimators/bin'
[6.636s] Level 1:colcon.colcon_core.environment:checking '/home/anton/Desktop/tactile-odom-drone/onboard/install/estimators/lib/pkgconfig/estimators.pc'
[6.636s] Level 1:colcon.colcon_core.environment:checking '/home/anton/Desktop/tactile-odom-drone/onboard/install/estimators/lib/python3.10/site-packages'
[6.636s] Level 1:colcon.colcon_core.environment:checking '/home/anton/Desktop/tactile-odom-drone/onboard/install/estimators/bin'
[6.637s] INFO:colcon.colcon_core.shell:Creating package script '/home/anton/Desktop/tactile-odom-drone/onboard/install/estimators/share/estimators/package.ps1'
[6.638s] INFO:colcon.colcon_core.shell:Creating package descriptor '/home/anton/Desktop/tactile-odom-drone/onboard/install/estimators/share/estimators/package.dsv'
[6.638s] INFO:colcon.colcon_core.shell:Creating package script '/home/anton/Desktop/tactile-odom-drone/onboard/install/estimators/share/estimators/package.sh'
[6.639s] INFO:colcon.colcon_core.shell:Creating package script '/home/anton/Desktop/tactile-odom-drone/onboard/install/estimators/share/estimators/package.bash'
[6.639s] INFO:colcon.colcon_core.shell:Creating package script '/home/anton/Desktop/tactile-odom-drone/onboard/install/estimators/share/estimators/package.zsh'
[6.639s] Level 1:colcon.colcon_core.environment:create_file_with_runtime_dependencies(/home/anton/Desktop/tactile-odom-drone/onboard/install/estimators/share/colcon-core/packages/estimators)
[6.655s] Level 1:colcon.colcon_core.environment:create_environment_scripts_only(estimators)
[6.656s] Level 1:colcon.colcon_core.environment:checking '/home/anton/Desktop/tactile-odom-drone/onboard/install/estimators' for CMake module files
[6.657s] Level 1:colcon.colcon_core.environment:checking '/home/anton/Desktop/tactile-odom-drone/onboard/install/estimators' for CMake config files
[6.657s] Level 1:colcon.colcon_core.shell:create_environment_hook('estimators', 'cmake_prefix_path')
[6.658s] INFO:colcon.colcon_core.shell:Creating environment hook '/home/anton/Desktop/tactile-odom-drone/onboard/install/estimators/share/estimators/hook/cmake_prefix_path.ps1'
[6.658s] INFO:colcon.colcon_core.shell:Creating environment descriptor '/home/anton/Desktop/tactile-odom-drone/onboard/install/estimators/share/estimators/hook/cmake_prefix_path.dsv'
[6.658s] INFO:colcon.colcon_core.shell:Creating environment hook '/home/anton/Desktop/tactile-odom-drone/onboard/install/estimators/share/estimators/hook/cmake_prefix_path.sh'
[6.659s] Level 1:colcon.colcon_core.environment:checking '/home/anton/Desktop/tactile-odom-drone/onboard/install/estimators/lib'
[6.659s] Level 1:colcon.colcon_core.environment:checking '/home/anton/Desktop/tactile-odom-drone/onboard/install/estimators/bin'
[6.659s] Level 1:colcon.colcon_core.environment:checking '/home/anton/Desktop/tactile-odom-drone/onboard/install/estimators/lib/pkgconfig/estimators.pc'
[6.659s] Level 1:colcon.colcon_core.environment:checking '/home/anton/Desktop/tactile-odom-drone/onboard/install/estimators/lib/python3.10/site-packages'
[6.659s] Level 1:colcon.colcon_core.environment:checking '/home/anton/Desktop/tactile-odom-drone/onboard/install/estimators/bin'
[6.661s] INFO:colcon.colcon_core.shell:Creating package script '/home/anton/Desktop/tactile-odom-drone/onboard/install/estimators/share/estimators/package.ps1'
[6.661s] INFO:colcon.colcon_core.shell:Creating package descriptor '/home/anton/Desktop/tactile-odom-drone/onboard/install/estimators/share/estimators/package.dsv'
[6.661s] INFO:colcon.colcon_core.shell:Creating package script '/home/anton/Desktop/tactile-odom-drone/onboard/install/estimators/share/estimators/package.sh'
[6.662s] INFO:colcon.colcon_core.shell:Creating package script '/home/anton/Desktop/tactile-odom-drone/onboard/install/estimators/share/estimators/package.bash'
[6.662s] INFO:colcon.colcon_core.shell:Creating package script '/home/anton/Desktop/tactile-odom-drone/onboard/install/estimators/share/estimators/package.zsh'
[6.662s] Level 1:colcon.colcon_core.environment:create_file_with_runtime_dependencies(/home/anton/Desktop/tactile-odom-drone/onboard/install/estimators/share/colcon-core/packages/estimators)
[6.662s] DEBUG:colcon.colcon_parallel_executor.executor.parallel:closing loop
[6.662s] DEBUG:colcon.colcon_parallel_executor.executor.parallel:loop closed
[6.663s] DEBUG:colcon.colcon_parallel_executor.executor.parallel:run_until_complete finished with '0'
[6.663s] DEBUG:colcon.colcon_core.event_reactor:joining thread
[6.666s] INFO:colcon.colcon_core.plugin_system:Skipping extension 'colcon_notification.desktop_notification.terminal_notifier': Not used on non-Darwin systems
[6.666s] INFO:colcon.colcon_core.plugin_system:Skipping extension 'colcon_notification.desktop_notification.win32': Not used on non-Windows systems
[6.666s] INFO:colcon.colcon_notification.desktop_notification:Sending desktop notification using 'notify2'
[6.668s] DEBUG:colcon.colcon_core.event_reactor:joined thread
[6.669s] INFO:colcon.colcon_core.shell:Creating prefix script '/home/anton/Desktop/tactile-odom-drone/onboard/install/local_setup.ps1'
[6.670s] INFO:colcon.colcon_core.shell:Creating prefix util module '/home/anton/Desktop/tactile-odom-drone/onboard/install/_local_setup_util_ps1.py'
[6.671s] INFO:colcon.colcon_core.shell:Creating prefix chain script '/home/anton/Desktop/tactile-odom-drone/onboard/install/setup.ps1'
[6.672s] INFO:colcon.colcon_core.shell:Creating prefix script '/home/anton/Desktop/tactile-odom-drone/onboard/install/local_setup.sh'
[6.672s] INFO:colcon.colcon_core.shell:Creating prefix util module '/home/anton/Desktop/tactile-odom-drone/onboard/install/_local_setup_util_sh.py'
[6.672s] INFO:colcon.colcon_core.shell:Creating prefix chain script '/home/anton/Desktop/tactile-odom-drone/onboard/install/setup.sh'
[6.673s] INFO:colcon.colcon_core.shell:Creating prefix script '/home/anton/Desktop/tactile-odom-drone/onboard/install/local_setup.bash'
[6.673s] INFO:colcon.colcon_core.shell:Creating prefix chain script '/home/anton/Desktop/tactile-odom-drone/onboard/install/setup.bash'
[6.674s] INFO:colcon.colcon_core.shell:Creating prefix script '/home/anton/Desktop/tactile-odom-drone/onboard/install/local_setup.zsh'
[6.675s] INFO:colcon.colcon_core.shell:Creating prefix chain script '/home/anton/Desktop/tactile-odom-drone/onboard/install/setup.zsh'
