[0.009s] Invoking command in '/home/anton/Desktop/tactile-odom-drone/offboard/build/rviz_vis': CMAKE_PREFIX_PATH=${CMAKE_PREFIX_PATH}:/opt/ros/humble /usr/bin/cmake /home/anton/Desktop/tactile-odom-drone/offboard/src/rviz_vis -DAMENT_CMAKE_SYMLINK_INSTALL=1 -DCMAKE_INSTALL_PREFIX=/home/anton/Desktop/tactile-odom-drone/offboard/install/rviz_vis
[0.019s] -- Found ament_cmake: 1.3.4 (/opt/ros/humble/share/ament_cmake/cmake)
[0.117s] -- Override CMake install command with custom implementation using symlinks instead of copying resources
[0.126s] -- Found tf2: 0.25.2 (/opt/ros/humble/share/tf2/cmake)
[0.151s] -- Found rosidl_generator_c: 3.1.4 (/opt/ros/humble/share/rosidl_generator_c/cmake)
[0.153s] -- Found rosidl_adapter: 3.1.4 (/opt/ros/humble/share/rosidl_adapter/cmake)
[0.158s] -- Found rosidl_generator_cpp: 3.1.4 (/opt/ros/humble/share/rosidl_generator_cpp/cmake)
[0.167s] -- Using all available rosidl_typesupport_c: rosidl_typesupport_fastrtps_c;rosidl_typesupport_introspection_c
[0.178s] -- Using all available rosidl_typesupport_cpp: rosidl_typesupport_fastrtps_cpp;rosidl_typesupport_introspection_cpp
[0.275s] -- Found rclcpp: 16.0.4 (/opt/ros/humble/share/rclcpp/cmake)
[0.310s] -- Found rmw_implementation_cmake: 6.1.1 (/opt/ros/humble/share/rmw_implementation_cmake/cmake)
[0.311s] -- Found rmw_fastrtps_cpp: 6.2.2 (/opt/ros/humble/share/rmw_fastrtps_cpp/cmake)
[0.400s] -- Using RMW implementation 'rmw_fastrtps_cpp' as default
[0.484s] -- Found ament_lint_auto: 0.12.6 (/opt/ros/humble/share/ament_lint_auto/cmake)
[0.537s] -- Added test 'flake8' to check Python code syntax and style conventions
[0.538s] -- Added test 'lint_cmake' to check CMake code style
[0.538s] -- Added test 'pep257' to check Python code against some of the docstring style conventions in PEP 257
[0.539s] -- Added test 'xmllint' to check XML markup files
[0.541s] -- Configuring done
[0.544s] -- Generating done
[0.545s] -- Build files have been written to: /home/anton/Desktop/tactile-odom-drone/offboard/build/rviz_vis
[0.550s] Invoked command in '/home/anton/Desktop/tactile-odom-drone/offboard/build/rviz_vis' returned '0': CMAKE_PREFIX_PATH=${CMAKE_PREFIX_PATH}:/opt/ros/humble /usr/bin/cmake /home/anton/Desktop/tactile-odom-drone/offboard/src/rviz_vis -DAMENT_CMAKE_SYMLINK_INSTALL=1 -DCMAKE_INSTALL_PREFIX=/home/anton/Desktop/tactile-odom-drone/offboard/install/rviz_vis
[0.552s] Invoking command in '/home/anton/Desktop/tactile-odom-drone/offboard/build/rviz_vis': CMAKE_PREFIX_PATH=${CMAKE_PREFIX_PATH}:/opt/ros/humble /usr/bin/cmake --build /home/anton/Desktop/tactile-odom-drone/offboard/build/rviz_vis -- -j8 -l8
[0.577s] Invoked command in '/home/anton/Desktop/tactile-odom-drone/offboard/build/rviz_vis' returned '0': CMAKE_PREFIX_PATH=${CMAKE_PREFIX_PATH}:/opt/ros/humble /usr/bin/cmake --build /home/anton/Desktop/tactile-odom-drone/offboard/build/rviz_vis -- -j8 -l8
[0.595s] Invoking command in '/home/anton/Desktop/tactile-odom-drone/offboard/build/rviz_vis': CMAKE_PREFIX_PATH=${CMAKE_PREFIX_PATH}:/opt/ros/humble /usr/bin/cmake --install /home/anton/Desktop/tactile-odom-drone/offboard/build/rviz_vis
[0.599s] -- Install configuration: ""
[0.600s] -- Execute custom install script
[0.600s] -- Symlinking: /home/anton/Desktop/tactile-odom-drone/offboard/install/rviz_vis/share/rviz_vis/launch/vis_joint_publisher.launch.py
[0.606s] -- Symlinking: /home/anton/Desktop/tactile-odom-drone/offboard/install/rviz_vis/share/rviz_vis/meshes/Link1.dae
[0.612s] -- Symlinking: /home/anton/Desktop/tactile-odom-drone/offboard/install/rviz_vis/share/rviz_vis/meshes/Link2.dae
[0.618s] -- Symlinking: /home/anton/Desktop/tactile-odom-drone/offboard/install/rviz_vis/share/rviz_vis/meshes/TactileMappingDroneBase.dae
[0.626s] -- Symlinking: /home/anton/Desktop/tactile-odom-drone/offboard/install/rviz_vis/share/rviz_vis/rviz/rviz_basic_settings.rviz
[0.631s] -- Symlinking: /home/anton/Desktop/tactile-odom-drone/offboard/install/rviz_vis/share/rviz_vis/urdf/tactile-odom-drone.urdf
[0.635s] -- Symlinking: /home/anton/Desktop/tactile-odom-drone/offboard/install/rviz_vis/share/ament_index/resource_index/package_run_dependencies/rviz_vis
[0.640s] -- Symlinking: /home/anton/Desktop/tactile-odom-drone/offboard/install/rviz_vis/share/ament_index/resource_index/parent_prefix_path/rviz_vis
[0.645s] -- Symlinking: /home/anton/Desktop/tactile-odom-drone/offboard/install/rviz_vis/share/rviz_vis/environment/ament_prefix_path.sh
[0.650s] -- Symlinking: /home/anton/Desktop/tactile-odom-drone/offboard/install/rviz_vis/share/rviz_vis/environment/ament_prefix_path.dsv
[0.654s] -- Symlinking: /home/anton/Desktop/tactile-odom-drone/offboard/install/rviz_vis/share/rviz_vis/environment/path.sh
[0.658s] -- Symlinking: /home/anton/Desktop/tactile-odom-drone/offboard/install/rviz_vis/share/rviz_vis/environment/path.dsv
[0.663s] -- Symlinking: /home/anton/Desktop/tactile-odom-drone/offboard/install/rviz_vis/share/rviz_vis/local_setup.bash
[0.668s] -- Symlinking: /home/anton/Desktop/tactile-odom-drone/offboard/install/rviz_vis/share/rviz_vis/local_setup.sh
[0.673s] -- Symlinking: /home/anton/Desktop/tactile-odom-drone/offboard/install/rviz_vis/share/rviz_vis/local_setup.zsh
[0.680s] -- Symlinking: /home/anton/Desktop/tactile-odom-drone/offboard/install/rviz_vis/share/rviz_vis/local_setup.dsv
[0.688s] -- Symlinking: /home/anton/Desktop/tactile-odom-drone/offboard/install/rviz_vis/share/rviz_vis/package.dsv
[0.695s] -- Symlinking: /home/anton/Desktop/tactile-odom-drone/offboard/install/rviz_vis/share/ament_index/resource_index/packages/rviz_vis
[0.700s] -- Symlinking: /home/anton/Desktop/tactile-odom-drone/offboard/install/rviz_vis/share/rviz_vis/cmake/rviz_visConfig.cmake
[0.705s] -- Symlinking: /home/anton/Desktop/tactile-odom-drone/offboard/install/rviz_vis/share/rviz_vis/cmake/rviz_visConfig-version.cmake
[0.711s] -- Symlinking: /home/anton/Desktop/tactile-odom-drone/offboard/install/rviz_vis/share/rviz_vis/package.xml
[0.717s] Invoked command in '/home/anton/Desktop/tactile-odom-drone/offboard/build/rviz_vis' returned '0': CMAKE_PREFIX_PATH=${CMAKE_PREFIX_PATH}:/opt/ros/humble /usr/bin/cmake --install /home/anton/Desktop/tactile-odom-drone/offboard/build/rviz_vis
