-- Install configuration: ""
-- Up-to-date: /home/anton/Desktop/tactile-odom-drone/offboard/install/rviz_vis/share/rviz_vis/config
-- Up-to-date: /home/anton/Desktop/tactile-odom-drone/offboard/install/rviz_vis/share/rviz_vis/launch
-- Up-to-date: /home/anton/Desktop/tactile-odom-drone/offboard/install/rviz_vis/share/rviz_vis/launch/vis_joint_publisher.launch.py
-- Up-to-date: /home/anton/Desktop/tactile-odom-drone/offboard/install/rviz_vis/share/rviz_vis/maps
-- Up-to-date: /home/anton/Desktop/tactile-odom-drone/offboard/install/rviz_vis/share/rviz_vis/meshes
-- Up-to-date: /home/anton/Desktop/tactile-odom-drone/offboard/install/rviz_vis/share/rviz_vis/meshes/SensorizedBase.STL
-- Up-to-date: /home/anton/Desktop/tactile-odom-drone/offboard/install/rviz_vis/share/rviz_vis/meshes/round-top.dae
-- Up-to-date: /home/anton/Desktop/tactile-odom-drone/offboard/install/rviz_vis/share/rviz_vis/meshes/SensorizedBottom.dae
-- Up-to-date: /home/anton/Desktop/tactile-odom-drone/offboard/install/rviz_vis/share/rviz_vis/meshes/HolybroX500V2-withOBC.dae
-- Up-to-date: /home/anton/Desktop/tactile-odom-drone/offboard/install/rviz_vis/share/rviz_vis/meshes/top.STL
-- Up-to-date: /home/anton/Desktop/tactile-odom-drone/offboard/install/rviz_vis/share/rviz_vis/meshes/SensorizedMiddle.dae
-- Up-to-date: /home/anton/Desktop/tactile-odom-drone/offboard/install/rviz_vis/share/rviz_vis/meshes/round-top.STL
-- Up-to-date: /home/anton/Desktop/tactile-odom-drone/offboard/install/rviz_vis/share/rviz_vis/meshes/HolybroX500V2-withOBC.STL
-- Up-to-date: /home/anton/Desktop/tactile-odom-drone/offboard/install/rviz_vis/share/rviz_vis/meshes/SensorizedBottom.STL
-- Up-to-date: /home/anton/Desktop/tactile-odom-drone/offboard/install/rviz_vis/share/rviz_vis/meshes/SensorizedMiddle.STL
-- Up-to-date: /home/anton/Desktop/tactile-odom-drone/offboard/install/rviz_vis/share/rviz_vis/meshes/SensorizedBase.dae
-- Up-to-date: /home/anton/Desktop/tactile-odom-drone/offboard/install/rviz_vis/share/rviz_vis/models
-- Up-to-date: /home/anton/Desktop/tactile-odom-drone/offboard/install/rviz_vis/share/rviz_vis/params
-- Up-to-date: /home/anton/Desktop/tactile-odom-drone/offboard/install/rviz_vis/share/rviz_vis/rviz
-- Installing: /home/anton/Desktop/tactile-odom-drone/offboard/install/rviz_vis/share/rviz_vis/rviz/rviz_basic_settings.rviz
-- Up-to-date: /home/anton/Desktop/tactile-odom-drone/offboard/install/rviz_vis/share/rviz_vis/src
-- Up-to-date: /home/anton/Desktop/tactile-odom-drone/offboard/install/rviz_vis/share/rviz_vis/urdf
-- Installing: /home/anton/Desktop/tactile-odom-drone/offboard/install/rviz_vis/share/rviz_vis/urdf/tactile-odom-drone.urdf
-- Up-to-date: /home/anton/Desktop/tactile-odom-drone/offboard/install/rviz_vis/share/rviz_vis/worlds
-- Up-to-date: /home/anton/Desktop/tactile-odom-drone/offboard/install/rviz_vis/share/ament_index/resource_index/package_run_dependencies/rviz_vis
-- Up-to-date: /home/anton/Desktop/tactile-odom-drone/offboard/install/rviz_vis/share/ament_index/resource_index/parent_prefix_path/rviz_vis
-- Up-to-date: /home/anton/Desktop/tactile-odom-drone/offboard/install/rviz_vis/share/rviz_vis/environment/ament_prefix_path.sh
-- Up-to-date: /home/anton/Desktop/tactile-odom-drone/offboard/install/rviz_vis/share/rviz_vis/environment/ament_prefix_path.dsv
-- Up-to-date: /home/anton/Desktop/tactile-odom-drone/offboard/install/rviz_vis/share/rviz_vis/environment/path.sh
-- Up-to-date: /home/anton/Desktop/tactile-odom-drone/offboard/install/rviz_vis/share/rviz_vis/environment/path.dsv
-- Up-to-date: /home/anton/Desktop/tactile-odom-drone/offboard/install/rviz_vis/share/rviz_vis/local_setup.bash
-- Up-to-date: /home/anton/Desktop/tactile-odom-drone/offboard/install/rviz_vis/share/rviz_vis/local_setup.sh
-- Up-to-date: /home/anton/Desktop/tactile-odom-drone/offboard/install/rviz_vis/share/rviz_vis/local_setup.zsh
-- Up-to-date: /home/anton/Desktop/tactile-odom-drone/offboard/install/rviz_vis/share/rviz_vis/local_setup.dsv
-- Installing: /home/anton/Desktop/tactile-odom-drone/offboard/install/rviz_vis/share/rviz_vis/package.dsv
-- Up-to-date: /home/anton/Desktop/tactile-odom-drone/offboard/install/rviz_vis/share/ament_index/resource_index/packages/rviz_vis
-- Up-to-date: /home/anton/Desktop/tactile-odom-drone/offboard/install/rviz_vis/share/rviz_vis/cmake/rviz_visConfig.cmake
-- Up-to-date: /home/anton/Desktop/tactile-odom-drone/offboard/install/rviz_vis/share/rviz_vis/cmake/rviz_visConfig-version.cmake
-- Up-to-date: /home/anton/Desktop/tactile-odom-drone/offboard/install/rviz_vis/share/rviz_vis/package.xml
