[35m[1mConsolidate compiler generated dependencies of target force_estimator[0m
[ 50%] [32mBuilding CXX object CMakeFiles/force_estimator.dir/src/force_estimator.cpp.o[0m
[01m[K/home/anton/Desktop/tactile-odom-drone/onboard/src/estimators/src/force_estimator.cpp:[m[K In member function ‘[01m[Kvoid ForceEstimatorNode::_joint_callback(sensor_msgs::msg::JointState_<std::allocator<void> >::SharedPtr)[m[K’:
[01m[K/home/anton/Desktop/tactile-odom-drone/onboard/src/estimators/src/force_estimator.cpp:22:88:[m[K [01;35m[Kwarning: [m[Kunused parameter ‘[01m[Kmsg[m[K’ [[01;35m[K]8;;https://gcc.gnu.org/onlinedocs/gcc/Warning-Options.html#index-Wunused-parameter-Wunused-parameter]8;;[m[K]
   22 | void ForceEstimatorNode::_joint_callback([01;35m[Kconst sensor_msgs::msg::JointState::SharedPtr msg[m[K)
      |                                          [01;35m[K~~~~~~~~~~~~~~~~~~~~~~~~~~~~~~~~~~~~~~~~~~~~~~^~~[m[K
[100%] [32m[1mLinking CXX executable force_estimator[0m
[100%] Built target force_estimator
-- Install configuration: ""
-- Installing: /home/anton/Desktop/tactile-odom-drone/onboard/install/estimators/lib/estimators/force_estimator
-- Set runtime path of "/home/anton/Desktop/tactile-odom-drone/onboard/install/estimators/lib/estimators/force_estimator" to ""
-- Installing: /home/anton/Desktop/tactile-odom-drone/onboard/install/estimators/share/ament_index/resource_index/package_run_dependencies/estimators
-- Installing: /home/anton/Desktop/tactile-odom-drone/onboard/install/estimators/share/ament_index/resource_index/parent_prefix_path/estimators
-- Installing: /home/anton/Desktop/tactile-odom-drone/onboard/install/estimators/share/estimators/environment/ament_prefix_path.sh
-- Installing: /home/anton/Desktop/tactile-odom-drone/onboard/install/estimators/share/estimators/environment/ament_prefix_path.dsv
-- Installing: /home/anton/Desktop/tactile-odom-drone/onboard/install/estimators/share/estimators/environment/path.sh
-- Installing: /home/anton/Desktop/tactile-odom-drone/onboard/install/estimators/share/estimators/environment/path.dsv
-- Installing: /home/anton/Desktop/tactile-odom-drone/onboard/install/estimators/share/estimators/local_setup.bash
-- Installing: /home/anton/Desktop/tactile-odom-drone/onboard/install/estimators/share/estimators/local_setup.sh
-- Installing: /home/anton/Desktop/tactile-odom-drone/onboard/install/estimators/share/estimators/local_setup.zsh
-- Installing: /home/anton/Desktop/tactile-odom-drone/onboard/install/estimators/share/estimators/local_setup.dsv
-- Installing: /home/anton/Desktop/tactile-odom-drone/onboard/install/estimators/share/estimators/package.dsv
-- Installing: /home/anton/Desktop/tactile-odom-drone/onboard/install/estimators/share/ament_index/resource_index/packages/estimators
-- Installing: /home/anton/Desktop/tactile-odom-drone/onboard/install/estimators/share/estimators/cmake/estimatorsConfig.cmake
-- Installing: /home/anton/Desktop/tactile-odom-drone/onboard/install/estimators/share/estimators/cmake/estimatorsConfig-version.cmake
-- Installing: /home/anton/Desktop/tactile-odom-drone/onboard/install/estimators/share/estimators/package.xml
