[0.011s] Invoking command in '/home/anton/Desktop/tactile-odom-drone/onboard/build/estimators': CMAKE_PREFIX_PATH=${CMAKE_PREFIX_PATH}:/opt/ros/humble /usr/bin/cmake --build /home/anton/Desktop/tactile-odom-drone/onboard/build/estimators -- -j8 -l8
[0.038s] [35m[1mConsolidate compiler generated dependencies of target force_estimator[0m
[0.050s] [ 50%] [32mBuilding CXX object CMakeFiles/force_estimator.dir/src/force_estimator.cpp.o[0m
[1.633s] [01m[K/home/anton/Desktop/tactile-odom-drone/onboard/src/estimators/src/force_estimator.cpp:[m[K In member function ‘[01m[Kvoid ForceEstimatorNode::_joint_callback(sensor_msgs::msg::JointState_<std::allocator<void> >::SharedPtr)[m[K’:
[1.633s] [01m[K/home/anton/Desktop/tactile-odom-drone/onboard/src/estimators/src/force_estimator.cpp:22:88:[m[K [01;35m[Kwarning: [m[Kunused parameter ‘[01m[Kmsg[m[K’ [[01;35m[K]8;;https://gcc.gnu.org/onlinedocs/gcc/Warning-Options.html#index-Wunused-parameter-Wunused-parameter]8;;[m[K]
[1.633s]    22 | void ForceEstimatorNode::_joint_callback([01;35m[Kconst sensor_msgs::msg::JointState::SharedPtr msg[m[K)
[1.633s]       |                                          [01;35m[K~~~~~~~~~~~~~~~~~~~~~~~~~~~~~~~~~~~~~~~~~~~~~~^~~[m[K
[5.858s] [100%] [32m[1mLinking CXX executable force_estimator[0m
[6.166s] [100%] Built target force_estimator
[6.172s] Invoked command in '/home/anton/Desktop/tactile-odom-drone/onboard/build/estimators' returned '0': CMAKE_PREFIX_PATH=${CMAKE_PREFIX_PATH}:/opt/ros/humble /usr/bin/cmake --build /home/anton/Desktop/tactile-odom-drone/onboard/build/estimators -- -j8 -l8
[6.190s] Invoking command in '/home/anton/Desktop/tactile-odom-drone/onboard/build/estimators': CMAKE_PREFIX_PATH=${CMAKE_PREFIX_PATH}:/opt/ros/humble /usr/bin/cmake --install /home/anton/Desktop/tactile-odom-drone/onboard/build/estimators
[6.195s] -- Install configuration: ""
[6.195s] -- Installing: /home/anton/Desktop/tactile-odom-drone/onboard/install/estimators/lib/estimators/force_estimator
[6.197s] -- Set runtime path of "/home/anton/Desktop/tactile-odom-drone/onboard/install/estimators/lib/estimators/force_estimator" to ""
[6.197s] -- Installing: /home/anton/Desktop/tactile-odom-drone/onboard/install/estimators/share/ament_index/resource_index/package_run_dependencies/estimators
[6.197s] -- Installing: /home/anton/Desktop/tactile-odom-drone/onboard/install/estimators/share/ament_index/resource_index/parent_prefix_path/estimators
[6.198s] -- Installing: /home/anton/Desktop/tactile-odom-drone/onboard/install/estimators/share/estimators/environment/ament_prefix_path.sh
[6.198s] -- Installing: /home/anton/Desktop/tactile-odom-drone/onboard/install/estimators/share/estimators/environment/ament_prefix_path.dsv
[6.198s] -- Installing: /home/anton/Desktop/tactile-odom-drone/onboard/install/estimators/share/estimators/environment/path.sh
[6.198s] -- Installing: /home/anton/Desktop/tactile-odom-drone/onboard/install/estimators/share/estimators/environment/path.dsv
[6.198s] -- Installing: /home/anton/Desktop/tactile-odom-drone/onboard/install/estimators/share/estimators/local_setup.bash
[6.198s] -- Installing: /home/anton/Desktop/tactile-odom-drone/onboard/install/estimators/share/estimators/local_setup.sh
[6.198s] -- Installing: /home/anton/Desktop/tactile-odom-drone/onboard/install/estimators/share/estimators/local_setup.zsh
[6.198s] -- Installing: /home/anton/Desktop/tactile-odom-drone/onboard/install/estimators/share/estimators/local_setup.dsv
[6.198s] -- Installing: /home/anton/Desktop/tactile-odom-drone/onboard/install/estimators/share/estimators/package.dsv
[6.198s] -- Installing: /home/anton/Desktop/tactile-odom-drone/onboard/install/estimators/share/ament_index/resource_index/packages/estimators
[6.198s] -- Installing: /home/anton/Desktop/tactile-odom-drone/onboard/install/estimators/share/estimators/cmake/estimatorsConfig.cmake
[6.198s] -- Installing: /home/anton/Desktop/tactile-odom-drone/onboard/install/estimators/share/estimators/cmake/estimatorsConfig-version.cmake
[6.198s] -- Installing: /home/anton/Desktop/tactile-odom-drone/onboard/install/estimators/share/estimators/package.xml
[6.200s] Invoked command in '/home/anton/Desktop/tactile-odom-drone/onboard/build/estimators' returned '0': CMAKE_PREFIX_PATH=${CMAKE_PREFIX_PATH}:/opt/ros/humble /usr/bin/cmake --install /home/anton/Desktop/tactile-odom-drone/onboard/build/estimators
