[0.010s] Invoking command in '/home/anton/Desktop/tactile-odom-drone/onboard/build/estimators': CMAKE_PREFIX_PATH=${CMAKE_PREFIX_PATH}:/opt/ros/humble /usr/bin/cmake --build /home/anton/Desktop/tactile-odom-drone/onboard/build/estimators -- -j8 -l8
[0.037s] [35m[1mConsolidate compiler generated dependencies of target force_estimator[0m
[0.052s] [ 50%] [32mBuilding CXX object CMakeFiles/force_estimator.dir/src/force_estimator.cpp.o[0m
[6.003s] [100%] [32m[1mLinking CXX executable force_estimator[0m
[6.311s] [100%] Built target force_estimator
[6.318s] Invoked command in '/home/anton/Desktop/tactile-odom-drone/onboard/build/estimators' returned '0': CMAKE_PREFIX_PATH=${CMAKE_PREFIX_PATH}:/opt/ros/humble /usr/bin/cmake --build /home/anton/Desktop/tactile-odom-drone/onboard/build/estimators -- -j8 -l8
[6.341s] Invoking command in '/home/anton/Desktop/tactile-odom-drone/onboard/build/estimators': CMAKE_PREFIX_PATH=${CMAKE_PREFIX_PATH}:/opt/ros/humble /usr/bin/cmake --install /home/anton/Desktop/tactile-odom-drone/onboard/build/estimators
[6.346s] -- Install configuration: ""
[6.346s] -- Installing: /home/anton/Desktop/tactile-odom-drone/onboard/install/estimators/lib/estimators/force_estimator
[6.349s] -- Set runtime path of "/home/anton/Desktop/tactile-odom-drone/onboard/install/estimators/lib/estimators/force_estimator" to ""
[6.349s] -- Up-to-date: /home/anton/Desktop/tactile-odom-drone/onboard/install/estimators/share/ament_index/resource_index/package_run_dependencies/estimators
[6.349s] -- Up-to-date: /home/anton/Desktop/tactile-odom-drone/onboard/install/estimators/share/ament_index/resource_index/parent_prefix_path/estimators
[6.349s] -- Up-to-date: /home/anton/Desktop/tactile-odom-drone/onboard/install/estimators/share/estimators/environment/ament_prefix_path.sh
[6.349s] -- Up-to-date: /home/anton/Desktop/tactile-odom-drone/onboard/install/estimators/share/estimators/environment/ament_prefix_path.dsv
[6.349s] -- Up-to-date: /home/anton/Desktop/tactile-odom-drone/onboard/install/estimators/share/estimators/environment/path.sh
[6.349s] -- Up-to-date: /home/anton/Desktop/tactile-odom-drone/onboard/install/estimators/share/estimators/environment/path.dsv
[6.349s] -- Up-to-date: /home/anton/Desktop/tactile-odom-drone/onboard/install/estimators/share/estimators/local_setup.bash
[6.350s] -- Up-to-date: /home/anton/Desktop/tactile-odom-drone/onboard/install/estimators/share/estimators/local_setup.sh
[6.350s] -- Up-to-date: /home/anton/Desktop/tactile-odom-drone/onboard/install/estimators/share/estimators/local_setup.zsh
[6.350s] -- Up-to-date: /home/anton/Desktop/tactile-odom-drone/onboard/install/estimators/share/estimators/local_setup.dsv
[6.350s] -- Installing: /home/anton/Desktop/tactile-odom-drone/onboard/install/estimators/share/estimators/package.dsv
[6.350s] -- Up-to-date: /home/anton/Desktop/tactile-odom-drone/onboard/install/estimators/share/ament_index/resource_index/packages/estimators
[6.350s] -- Up-to-date: /home/anton/Desktop/tactile-odom-drone/onboard/install/estimators/share/estimators/cmake/estimatorsConfig.cmake
[6.350s] -- Up-to-date: /home/anton/Desktop/tactile-odom-drone/onboard/install/estimators/share/estimators/cmake/estimatorsConfig-version.cmake
[6.350s] -- Up-to-date: /home/anton/Desktop/tactile-odom-drone/onboard/install/estimators/share/estimators/package.xml
[6.351s] Invoked command in '/home/anton/Desktop/tactile-odom-drone/onboard/build/estimators' returned '0': CMAKE_PREFIX_PATH=${CMAKE_PREFIX_PATH}:/opt/ros/humble /usr/bin/cmake --install /home/anton/Desktop/tactile-odom-drone/onboard/build/estimators
